<?xml version="1.0" encoding="UTF-8"?>
<!-- Generated by org.testng.reporters.JUnitXMLReporter -->
<testsuite hostname="lenovo-PC" ignored="0" name="demotest" tests="1" failures="1" timestamp="2021-05-29T17:05:32 IST" time="56.54" errors="0">
  <testcase name="sumOfTwoFields" time="0.466" classname="tests.SimpleFormTests">
    <failure type="java.lang.AssertionError" message="expected [5] but found [6]">
      <![CDATA[java.lang.AssertionError: expected [5] but found [6]
at tests.SimpleFormTests.sumOfTwoFields(SimpleFormTests.java:59)
at java.util.ArrayList.forEach(ArrayList.java:1257)
at base.RunXml.main(RunXml.java:25)
... Removed 29 stack frames]]>
    </failure>
  </testcase> <!-- sumOfTwoFields -->
</testsuite> <!-- demotest -->
