<?xml version="1.0" encoding="UTF-8"?>
<!-- Generated by org.testng.reporters.JUnitXMLReporter -->
<testsuite hostname="lenovo-PC" ignored="0" name="demotest1" tests="9" failures="0" timestamp="2021-05-29T15:53:03 IST" time="71.215" errors="0">
  <testcase name="@BeforeTest beforeTest" time="64.226" classname="base.BaseTest">
    <failure type="java.lang.NullPointerException">
      <![CDATA[java.lang.NullPointerException
at base.BaseTest.beforeTest(BaseTest.java:51)
at base.RunXml.main(RunXml.java:25)
... Removed 21 stack frames]]>
    </failure>
  </testcase> <!-- @BeforeTest beforeTest -->
  <testcase name="@BeforeMethod beforeMethod" time="-1.622283783444E9" classname="tests.SimpleFormTests">
    <skipped/>
  </testcase> <!-- @BeforeMethod beforeMethod -->
  <testcase name="@AfterMethod afterMethod" time="-1.622283783448E9" classname="tests.SimpleFormTests">
    <skipped/>
  </testcase> <!-- @AfterMethod afterMethod -->
  <testcase name="@BeforeMethod beforeMethod" time="-1.622283783463E9" classname="tests.SimpleFormTests">
    <skipped/>
  </testcase> <!-- @BeforeMethod beforeMethod -->
  <testcase name="@AfterMethod afterMethod" time="-1.622283783463E9" classname="tests.SimpleFormTests">
    <skipped/>
  </testcase> <!-- @AfterMethod afterMethod -->
  <testcase name="@BeforeMethod beforeMethod" time="-1.622283783464E9" classname="tests.SimpleFormTests">
    <skipped/>
  </testcase> <!-- @BeforeMethod beforeMethod -->
  <testcase name="@AfterMethod afterMethod" time="-1.622283783465E9" classname="tests.SimpleFormTests">
    <skipped/>
  </testcase> <!-- @AfterMethod afterMethod -->
  <testcase name="@BeforeMethod beforeMethod" time="-1.622283783465E9" classname="tests.SimpleFormTests">
    <skipped/>
  </testcase> <!-- @BeforeMethod beforeMethod -->
  <testcase name="@AfterMethod afterMethod" time="-1.622283783465E9" classname="tests.SimpleFormTests">
    <skipped/>
  </testcase> <!-- @AfterMethod afterMethod -->
  <testcase name="@BeforeMethod beforeMethod" time="-1.622283783466E9" classname="tests.SimpleFormTests">
    <skipped/>
  </testcase> <!-- @BeforeMethod beforeMethod -->
  <testcase name="@AfterMethod afterMethod" time="-1.622283783466E9" classname="tests.SimpleFormTests">
    <skipped/>
  </testcase> <!-- @AfterMethod afterMethod -->
  <testcase name="@BeforeMethod beforeMethod" time="-1.622283783467E9" classname="tests.SimpleFormTests">
    <skipped/>
  </testcase> <!-- @BeforeMethod beforeMethod -->
  <testcase name="@AfterMethod afterMethod" time="-1.622283783467E9" classname="tests.SimpleFormTests">
    <skipped/>
  </testcase> <!-- @AfterMethod afterMethod -->
  <testcase name="@BeforeMethod beforeMethod" time="-1.622283783467E9" classname="tests.SimpleFormTests">
    <skipped/>
  </testcase> <!-- @BeforeMethod beforeMethod -->
  <testcase name="@AfterMethod afterMethod" time="-1.62228378347E9" classname="tests.SimpleFormTests">
    <skipped/>
  </testcase> <!-- @AfterMethod afterMethod -->
  <testcase name="@BeforeMethod beforeMethod" time="-1.62228378347E9" classname="tests.SimpleFormTests">
    <skipped/>
  </testcase> <!-- @BeforeMethod beforeMethod -->
  <testcase name="@AfterMethod afterMethod" time="-1.622283783471E9" classname="tests.SimpleFormTests">
    <skipped/>
  </testcase> <!-- @AfterMethod afterMethod -->
  <testcase name="@BeforeMethod beforeMethod" time="-1.622283783471E9" classname="tests.SimpleFormTests">
    <skipped/>
  </testcase> <!-- @BeforeMethod beforeMethod -->
  <testcase name="@AfterMethod afterMethod" time="-1.622283783471E9" classname="tests.SimpleFormTests">
    <skipped/>
  </testcase> <!-- @AfterMethod afterMethod -->
  <testcase name="@AfterClass afterClass" time="-1.622283783472E9" classname="tests.WebFormBase">
    <skipped/>
  </testcase> <!-- @AfterClass afterClass -->
  <testcase name="sumOfTwoFields" time="0.0" classname="tests.SimpleFormTests">
    <skipped/>
  </testcase> <!-- sumOfTwoFields -->
  <testcase name="sumOfTwoFields" time="0.0" classname="tests.SimpleFormTests">
    <skipped/>
  </testcase> <!-- sumOfTwoFields -->
  <testcase name="sumOfTwoFields" time="0.0" classname="tests.SimpleFormTests">
    <skipped/>
  </testcase> <!-- sumOfTwoFields -->
  <testcase name="sumOfTwoFields" time="0.0" classname="tests.SimpleFormTests">
    <skipped/>
  </testcase> <!-- sumOfTwoFields -->
  <testcase name="sumOfTwoFields" time="0.0" classname="tests.SimpleFormTests">
    <skipped/>
  </testcase> <!-- sumOfTwoFields -->
  <testcase name="sumOfTwoFields" time="0.0" classname="tests.SimpleFormTests">
    <skipped/>
  </testcase> <!-- sumOfTwoFields -->
  <testcase name="sumOfTwoFields" time="0.0" classname="tests.SimpleFormTests">
    <skipped/>
  </testcase> <!-- sumOfTwoFields -->
  <testcase name="sumOfTwoFields" time="0.0" classname="tests.SimpleFormTests">
    <skipped/>
  </testcase> <!-- sumOfTwoFields -->
  <testcase name="sumOfTwoFields" time="0.0" classname="tests.SimpleFormTests">
    <skipped/>
  </testcase> <!-- sumOfTwoFields -->
</testsuite> <!-- demotest1 -->
