<?xml version="1.0" encoding="UTF-8"?>
<!-- Generated by org.testng.reporters.JUnitXMLReporter -->
<testsuite hostname="lenovo-PC" ignored="0" name="demotest" tests="9" failures="0" timestamp="2021-05-16T17:23:57 IST" time="50.715" errors="0">
  <testcase name="sumOfTwoFields" time="0.379" classname="tests.SimpleFormTests"/>
  <testcase name="sumOfTwoFields" time="0.306" classname="tests.SimpleFormTests"/>
  <testcase name="sumOfTwoFields" time="0.377" classname="tests.SimpleFormTests"/>
  <testcase name="sumOfTwoFields" time="0.3" classname="tests.SimpleFormTests"/>
  <testcase name="sumOfTwoFields" time="0.336" classname="tests.SimpleFormTests"/>
  <testcase name="sumOfTwoFields" time="0.349" classname="tests.SimpleFormTests"/>
  <testcase name="sumOfTwoFields" time="0.295" classname="tests.SimpleFormTests"/>
  <testcase name="sumOfTwoFields" time="0.309" classname="tests.SimpleFormTests"/>
  <testcase name="sumOfTwoFields" time="0.345" classname="tests.SimpleFormTests"/>
</testsuite> <!-- demotest -->
