<?xml version="1.0" encoding="UTF-8"?>
<testng-results skipped="0" failed="1" ignored="0" total="1" passed="0">
  <reporter-output>
  </reporter-output>
  <suite name="Simple form tests" duration-ms="56540" started-at="2021-05-29T17:04:35 IST" finished-at="2021-05-29T17:05:32 IST">
    <groups>
    </groups>
    <test name="demotest" duration-ms="56540" started-at="2021-05-29T17:04:35 IST" finished-at="2021-05-29T17:05:32 IST">
      <class name="tests.SimpleFormTests">
        <test-method status="PASS" signature="beforeTest(java.lang.String, java.lang.String)[pri:0, instance:tests.SimpleFormTests@32d992b2]" name="beforeTest" is-config="true" duration-ms="36572" started-at="2021-05-29T17:04:35 IST" finished-at="2021-05-29T17:05:12 IST">
          <params>
            <param index="0">
              <value>
                <![CDATA[Chrome]]>
              </value>
            </param>
            <param index="1">
              <value>
                <![CDATA[no]]>
              </value>
            </param>
          </params>
          <reporter-output>
          </reporter-output>
        </test-method> <!-- beforeTest -->
        <test-method status="PASS" signature="beforeClass()[pri:0, instance:tests.SimpleFormTests@32d992b2]" name="beforeClass" is-config="true" duration-ms="6392" started-at="2021-05-29T17:05:12 IST" finished-at="2021-05-29T17:05:18 IST">
          <reporter-output>
          </reporter-output>
        </test-method> <!-- beforeClass -->
        <test-method status="PASS" signature="beforeMethod()[pri:0, instance:tests.SimpleFormTests@32d992b2]" name="beforeMethod" is-config="true" duration-ms="8850" started-at="2021-05-29T17:05:18 IST" finished-at="2021-05-29T17:05:27 IST">
          <reporter-output>
          </reporter-output>
        </test-method> <!-- beforeMethod -->
        <test-method status="FAIL" signature="sumOfTwoFields(java.lang.String, java.lang.String, java.lang.String)[pri:0, instance:tests.SimpleFormTests@32d992b2]" name="sumOfTwoFields" duration-ms="466" started-at="2021-05-29T17:05:27 IST" description="Test to validate 2 input fields moduels" data-provider="input data" finished-at="2021-05-29T17:05:27 IST">
          <params>
            <param index="0">
              <value>
                <![CDATA[2]]>
              </value>
            </param>
            <param index="1">
              <value>
                <![CDATA[3]]>
              </value>
            </param>
            <param index="2">
              <value>
                <![CDATA[6]]>
              </value>
            </param>
          </params>
          <exception class="java.lang.AssertionError">
            <message>
              <![CDATA[expected [5] but found [6]]]>
            </message>
            <full-stacktrace>
              <![CDATA[java.lang.AssertionError: expected [5] but found [6]
at org.testng.Assert.fail(Assert.java:97)
at org.testng.Assert.assertEqualsImpl(Assert.java:136)
at org.testng.Assert.assertEquals(Assert.java:118)
at org.testng.Assert.assertEquals(Assert.java:575)
at org.testng.Assert.assertEquals(Assert.java:585)
at tests.SimpleFormTests.sumOfTwoFields(SimpleFormTests.java:59)
at sun.reflect.NativeMethodAccessorImpl.invoke0(Native Method)
at sun.reflect.NativeMethodAccessorImpl.invoke(NativeMethodAccessorImpl.java:62)
at sun.reflect.DelegatingMethodAccessorImpl.invoke(DelegatingMethodAccessorImpl.java:43)
at java.lang.reflect.Method.invoke(Method.java:498)
at org.testng.internal.MethodInvocationHelper.invokeMethod(MethodInvocationHelper.java:134)
at org.testng.internal.TestInvoker.invokeMethod(TestInvoker.java:597)
at org.testng.internal.TestInvoker.invokeTestMethod(TestInvoker.java:173)
at org.testng.internal.MethodRunner.runInSequence(MethodRunner.java:46)
at org.testng.internal.TestInvoker$MethodInvocationAgent.invoke(TestInvoker.java:816)
at org.testng.internal.TestInvoker.invokeTestMethods(TestInvoker.java:146)
at org.testng.internal.TestMethodWorker.invokeTestMethods(TestMethodWorker.java:146)
at org.testng.internal.TestMethodWorker.run(TestMethodWorker.java:128)
at java.util.ArrayList.forEach(ArrayList.java:1257)
at org.testng.TestRunner.privateRun(TestRunner.java:766)
at org.testng.TestRunner.run(TestRunner.java:587)
at org.testng.SuiteRunner.runTest(SuiteRunner.java:384)
at org.testng.SuiteRunner.runSequentially(SuiteRunner.java:378)
at org.testng.SuiteRunner.privateRun(SuiteRunner.java:337)
at org.testng.SuiteRunner.run(SuiteRunner.java:286)
at org.testng.SuiteRunnerWorker.runSuite(SuiteRunnerWorker.java:53)
at org.testng.SuiteRunnerWorker.run(SuiteRunnerWorker.java:96)
at org.testng.TestNG.runSuitesSequentially(TestNG.java:1187)
at org.testng.TestNG.runSuitesLocally(TestNG.java:1109)
at org.testng.TestNG.runSuites(TestNG.java:1039)
at org.testng.TestNG.run(TestNG.java:1007)
at base.RunXml.main(RunXml.java:25)
]]>
            </full-stacktrace>
          </exception> <!-- java.lang.AssertionError -->
          <reporter-output>
          </reporter-output>
        </test-method> <!-- sumOfTwoFields -->
        <test-method status="PASS" signature="afterMethod()[pri:0, instance:tests.SimpleFormTests@32d992b2]" name="afterMethod" is-config="true" duration-ms="5" started-at="2021-05-29T17:05:27 IST" finished-at="2021-05-29T17:05:27 IST">
          <reporter-output>
          </reporter-output>
        </test-method> <!-- afterMethod -->
        <test-method status="PASS" signature="afterMethod(org.testng.ITestResult)[pri:0, instance:tests.SimpleFormTests@32d992b2]" name="afterMethod" is-config="true" duration-ms="327" started-at="2021-05-29T17:05:27 IST" finished-at="2021-05-29T17:05:28 IST">
          <params>
            <param index="0">
              <value>
                <![CDATA[[TestResult name=sumOfTwoFields status=FAILURE method=SimpleFormTests.sumOfTwoFields(java.lang.String, java.lang.String, java.lang.String)[pri:0, instance:tests.SimpleFormTests@32d992b2] output={null}]]]>
              </value>
            </param>
          </params>
          <reporter-output>
          </reporter-output>
        </test-method> <!-- afterMethod -->
        <test-method status="PASS" signature="afterClass()[pri:0, instance:tests.SimpleFormTests@32d992b2]" name="afterClass" is-config="true" duration-ms="3845" started-at="2021-05-29T17:05:28 IST" finished-at="2021-05-29T17:05:32 IST">
          <reporter-output>
          </reporter-output>
        </test-method> <!-- afterClass -->
      </class> <!-- tests.SimpleFormTests -->
    </test> <!-- demotest -->
  </suite> <!-- Simple form tests -->
</testng-results>
